{"C:\\Users\\student\\Desktop\\myRepos\\testing-w-jest-intro\\simple.js": {"path":"C:\\Users\\student\\Desktop\\myRepos\\testing-w-jest-intro\\simple.js","statementMap":{"0":{"start":{"line":1,"column":0},"end":{"line":8,"column":4}},"1":{"start":{"line":3,"column":6},"end":{"line":3,"column":30}},"2":{"start":{"line":6,"column":8},"end":{"line":6,"column":32}}},"fnMap":{"0":{"name":"(anonymous_0)","decl":{"start":{"line":2,"column":16},"end":{"line":2,"column":17}},"loc":{"start":{"line":2,"column":30},"end":{"line":4,"column":5}},"line":2},"1":{"name":"(anonymous_1)","decl":{"start":{"line":5,"column":20},"end":{"line":5,"column":21}},"loc":{"start":{"line":5,"column":34},"end":{"line":7,"column":7}},"line":5}},"branchMap":{},"s":{"0":1,"1":1,"2":0},"f":{"0":1,"1":0},"b":{},"_coverageSchema":"1a1c01bbd47fc00a2c39e90264f33305004495a9","hash":"2c19ea4451805c4260821a39884c7d6c7e7aee3f"}
}
